[debug] [2024-08-08T09:32:14.213Z] ----------------------------------------------------------------------
[debug] [2024-08-08T09:32:14.220Z] Command:       C:\Program Files\nodejs\node.exe C:\Users\jjerm\AppData\Roaming\npm\node_modules\firebase-tools\lib\bin\firebase.js emulators:start
[debug] [2024-08-08T09:32:14.221Z] CLI Version:   13.15.0
[debug] [2024-08-08T09:32:14.221Z] Platform:      win32
[debug] [2024-08-08T09:32:14.221Z] Node Version:  v22.4.0
[debug] [2024-08-08T09:32:14.222Z] Time:          Thu Aug 08 2024 11:32:14 GMT+0200 (South Africa Standard Time)
[debug] [2024-08-08T09:32:14.222Z] ----------------------------------------------------------------------
[debug] 
[debug] [2024-08-08T09:32:14.483Z] > command requires scopes: ["email","openid","https://www.googleapis.com/auth/cloudplatformprojects.readonly","https://www.googleapis.com/auth/firebase","https://www.googleapis.com/auth/cloud-platform"]
[debug] [2024-08-08T09:32:14.484Z] > authorizing via signed-in user (coverartistmaarly@gmail.com)
[info] i  emulators: Starting emulators: functions {"metadata":{"emulator":{"name":"hub"},"message":"Starting emulators: functions"}}
[debug] [2024-08-08T09:32:14.518Z] [logging] Logging Emulator only supports listening on one address (127.0.0.1). Not listening on ::1
[debug] [2024-08-08T09:32:14.519Z] assigned listening specs for emulators {"user":{"hub":[{"address":"127.0.0.1","family":"IPv4","port":4400},{"address":"::1","family":"IPv6","port":4400}],"ui":[{"address":"127.0.0.1","family":"IPv4","port":4000},{"address":"::1","family":"IPv6","port":4000}],"logging":[{"address":"127.0.0.1","family":"IPv4","port":4500}]},"metadata":{"message":"assigned listening specs for emulators"}}
[debug] [2024-08-08T09:32:14.534Z] [hub] writing locator at C:\Users\jjerm\AppData\Local\Temp\hub-clone-cab8a.json
[debug] [2024-08-08T09:32:14.591Z] [functions] Functions Emulator only supports listening on one address (127.0.0.1). Not listening on ::1
[debug] [2024-08-08T09:32:14.591Z] [eventarc] Eventarc Emulator only supports listening on one address (127.0.0.1). Not listening on ::1
[debug] [2024-08-08T09:32:14.591Z] late-assigned ports for functions and eventarc emulators {"user":{"hub":[{"address":"127.0.0.1","family":"IPv4","port":4400},{"address":"::1","family":"IPv6","port":4400}],"ui":[{"address":"127.0.0.1","family":"IPv4","port":4000},{"address":"::1","family":"IPv6","port":4000}],"logging":[{"address":"127.0.0.1","family":"IPv4","port":4500}],"functions":[{"address":"127.0.0.1","family":"IPv4","port":5001}],"eventarc":[{"address":"127.0.0.1","family":"IPv4","port":9299}]},"metadata":{"message":"late-assigned ports for functions and eventarc emulators"}}
[warn] !  functions: The following emulators are not running, calls to these services from the Functions emulator will affect production: auth, firestore, database, hosting, pubsub, storage, dataconnect {"metadata":{"emulator":{"name":"functions"},"message":"The following emulators are not running, calls to these services from the Functions emulator will affect production: \u001b[1mauth, firestore, database, hosting, pubsub, storage, dataconnect\u001b[22m"}}
[debug] [2024-08-08T09:32:14.600Z] defaultcredentials: writing to file C:\Users\jjerm\AppData\Roaming\firebase\coverartistmaarly_gmail_com_application_default_credentials.json
[debug] [2024-08-08T09:32:14.607Z] Setting GAC to C:\Users\jjerm\AppData\Roaming\firebase\coverartistmaarly_gmail_com_application_default_credentials.json {"metadata":{"emulator":{"name":"functions"},"message":"Setting GAC to C:\\Users\\jjerm\\AppData\\Roaming\\firebase\\coverartistmaarly_gmail_com_application_default_credentials.json"}}
[debug] [2024-08-08T09:32:14.611Z] >>> [apiv2][query] GET https://firebase.googleapis.com/v1beta1/projects/clone-cab8a/adminSdkConfig [none]
[debug] [2024-08-08T09:32:15.312Z] <<< [apiv2][status] GET https://firebase.googleapis.com/v1beta1/projects/clone-cab8a/adminSdkConfig 200
[debug] [2024-08-08T09:32:15.313Z] <<< [apiv2][body] GET https://firebase.googleapis.com/v1beta1/projects/clone-cab8a/adminSdkConfig {"projectId":"clone-cab8a","storageBucket":"clone-cab8a.appspot.com"}
[info] i  ui: downloading ui-v1.13.0.zip... {"metadata":{"emulator":{"name":"ui"},"message":"downloading ui-v1.13.0.zip..."}}
[debug] [2024-08-08T09:32:15.378Z] >>> [apiv2][query] GET https://storage.googleapis.com/firebase-preview-drop/emulator/ui-v1.13.0.zip 
[debug] [2024-08-08T09:32:15.921Z] <<< [apiv2][status] GET https://storage.googleapis.com/firebase-preview-drop/emulator/ui-v1.13.0.zip 200
[debug] [2024-08-08T09:32:15.921Z] <<< [apiv2][body] GET https://storage.googleapis.com/firebase-preview-drop/emulator/ui-v1.13.0.zip [stream]
[debug] [2024-08-08T09:32:16.630Z] Data is 3605485
[debug] [2024-08-08T09:32:16.631Z] [unzip] Entry: client/ (compressed_size=0 bytes, uncompressed_size=0 bytes)
[debug] [2024-08-08T09:32:16.631Z] [unzip] Processing entry: client\
[debug] [2024-08-08T09:32:16.631Z] [unzip] mkdir: C:\Users\jjerm\.cache\firebase\emulators\ui-v1.13.0\client\
[debug] [2024-08-08T09:32:16.634Z] [unzip] Entry: client/favicon-16x16.png (compressed_size=293 bytes, uncompressed_size=293 bytes)
[debug] [2024-08-08T09:32:16.634Z] [unzip] Processing entry: client\favicon-16x16.png
[debug] [2024-08-08T09:32:16.634Z] [unzip] else mkdir: C:\Users\jjerm\.cache\firebase\emulators\ui-v1.13.0\client
[debug] [2024-08-08T09:32:16.635Z] [unzip] Writing file: C:\Users\jjerm\.cache\firebase\emulators\ui-v1.13.0\client\favicon-16x16.png
[debug] [2024-08-08T09:32:16.639Z] [unzip] Entry: client/safari-pinned-tab.svg (compressed_size=1433 bytes, uncompressed_size=2611 bytes)
[debug] [2024-08-08T09:32:16.639Z] [unzip] Processing entry: client\safari-pinned-tab.svg
[debug] [2024-08-08T09:32:16.640Z] [unzip] else mkdir: C:\Users\jjerm\.cache\firebase\emulators\ui-v1.13.0\client
[debug] [2024-08-08T09:32:16.641Z] [unzip] deflating: C:\Users\jjerm\.cache\firebase\emulators\ui-v1.13.0\client\safari-pinned-tab.svg
[debug] [2024-08-08T09:32:16.653Z] [unzip] Entry: client/favicon.ico (compressed_size=2933 bytes, uncompressed_size=13294 bytes)
[debug] [2024-08-08T09:32:16.653Z] [unzip] Processing entry: client\favicon.ico
[debug] [2024-08-08T09:32:16.653Z] [unzip] else mkdir: C:\Users\jjerm\.cache\firebase\emulators\ui-v1.13.0\client
[debug] [2024-08-08T09:32:16.655Z] [unzip] deflating: C:\Users\jjerm\.cache\firebase\emulators\ui-v1.13.0\client\favicon.ico
[debug] [2024-08-08T09:32:16.660Z] [unzip] Entry: client/index.html (compressed_size=1361 bytes, uncompressed_size=3071 bytes)
[debug] [2024-08-08T09:32:16.660Z] [unzip] Processing entry: client\index.html
[debug] [2024-08-08T09:32:16.660Z] [unzip] else mkdir: C:\Users\jjerm\.cache\firebase\emulators\ui-v1.13.0\client
[debug] [2024-08-08T09:32:16.662Z] [unzip] deflating: C:\Users\jjerm\.cache\firebase\emulators\ui-v1.13.0\client\index.html
[debug] [2024-08-08T09:32:16.666Z] [unzip] Entry: client/android-chrome-192x192.png (compressed_size=2684 bytes, uncompressed_size=2684 bytes)
[debug] [2024-08-08T09:32:16.667Z] [unzip] Processing entry: client\android-chrome-192x192.png
[debug] [2024-08-08T09:32:16.667Z] [unzip] else mkdir: C:\Users\jjerm\.cache\firebase\emulators\ui-v1.13.0\client
[debug] [2024-08-08T09:32:16.668Z] [unzip] Writing file: C:\Users\jjerm\.cache\firebase\emulators\ui-v1.13.0\client\android-chrome-192x192.png
[debug] [2024-08-08T09:32:16.671Z] [unzip] Entry: client/apple-touch-icon.png (compressed_size=2123 bytes, uncompressed_size=2152 bytes)
[debug] [2024-08-08T09:32:16.671Z] [unzip] Processing entry: client\apple-touch-icon.png
[debug] [2024-08-08T09:32:16.671Z] [unzip] else mkdir: C:\Users\jjerm\.cache\firebase\emulators\ui-v1.13.0\client
[debug] [2024-08-08T09:32:16.672Z] [unzip] deflating: C:\Users\jjerm\.cache\firebase\emulators\ui-v1.13.0\client\apple-touch-icon.png
[debug] [2024-08-08T09:32:16.676Z] [unzip] Entry: client/android-chrome-512x512.png (compressed_size=5369 bytes, uncompressed_size=5411 bytes)
[debug] [2024-08-08T09:32:16.677Z] [unzip] Processing entry: client\android-chrome-512x512.png
[debug] [2024-08-08T09:32:16.677Z] [unzip] else mkdir: C:\Users\jjerm\.cache\firebase\emulators\ui-v1.13.0\client
[debug] [2024-08-08T09:32:16.678Z] [unzip] deflating: C:\Users\jjerm\.cache\firebase\emulators\ui-v1.13.0\client\android-chrome-512x512.png
[debug] [2024-08-08T09:32:16.682Z] [unzip] Entry: client/manifest.json (compressed_size=245 bytes, uncompressed_size=551 bytes)
[debug] [2024-08-08T09:32:16.682Z] [unzip] Processing entry: client\manifest.json
[debug] [2024-08-08T09:32:16.682Z] [unzip] else mkdir: C:\Users\jjerm\.cache\firebase\emulators\ui-v1.13.0\client
[debug] [2024-08-08T09:32:16.683Z] [unzip] deflating: C:\Users\jjerm\.cache\firebase\emulators\ui-v1.13.0\client\manifest.json
[debug] [2024-08-08T09:32:16.689Z] [unzip] Entry: client/robots.txt (compressed_size=26 bytes, uncompressed_size=26 bytes)
[debug] [2024-08-08T09:32:16.690Z] [unzip] Processing entry: client\robots.txt
[debug] [2024-08-08T09:32:16.690Z] [unzip] else mkdir: C:\Users\jjerm\.cache\firebase\emulators\ui-v1.13.0\client
[debug] [2024-08-08T09:32:16.691Z] [unzip] Writing file: C:\Users\jjerm\.cache\firebase\emulators\ui-v1.13.0\client\robots.txt
[debug] [2024-08-08T09:32:16.694Z] [unzip] Entry: client/mstile-150x150.png (compressed_size=2034 bytes, uncompressed_size=2034 bytes)
[debug] [2024-08-08T09:32:16.694Z] [unzip] Processing entry: client\mstile-150x150.png
[debug] [2024-08-08T09:32:16.694Z] [unzip] else mkdir: C:\Users\jjerm\.cache\firebase\emulators\ui-v1.13.0\client
[debug] [2024-08-08T09:32:16.695Z] [unzip] Writing file: C:\Users\jjerm\.cache\firebase\emulators\ui-v1.13.0\client\mstile-150x150.png
[debug] [2024-08-08T09:32:16.698Z] [unzip] Entry: client/assets/ (compressed_size=0 bytes, uncompressed_size=0 bytes)
[debug] [2024-08-08T09:32:16.698Z] [unzip] Processing entry: client\assets\
[debug] [2024-08-08T09:32:16.699Z] [unzip] mkdir: C:\Users\jjerm\.cache\firebase\emulators\ui-v1.13.0\client\assets\
[debug] [2024-08-08T09:32:16.700Z] [unzip] Entry: client/assets/index-I-mhtQda.js.map (compressed_size=2322562 bytes, uncompressed_size=9922747 bytes)
[debug] [2024-08-08T09:32:16.700Z] [unzip] Processing entry: client\assets\index-I-mhtQda.js.map
[debug] [2024-08-08T09:32:16.701Z] [unzip] else mkdir: C:\Users\jjerm\.cache\firebase\emulators\ui-v1.13.0\client\assets
[debug] [2024-08-08T09:32:16.702Z] [unzip] deflating: C:\Users\jjerm\.cache\firebase\emulators\ui-v1.13.0\client\assets\index-I-mhtQda.js.map
[debug] [2024-08-08T09:32:16.832Z] [unzip] Entry: client/assets/index-BdgySamB.css (compressed_size=35979 bytes, uncompressed_size=298654 bytes)
[debug] [2024-08-08T09:32:16.833Z] [unzip] Processing entry: client\assets\index-BdgySamB.css
[debug] [2024-08-08T09:32:16.833Z] [unzip] else mkdir: C:\Users\jjerm\.cache\firebase\emulators\ui-v1.13.0\client\assets
[debug] [2024-08-08T09:32:16.834Z] [unzip] deflating: C:\Users\jjerm\.cache\firebase\emulators\ui-v1.13.0\client\assets\index-BdgySamB.css
[debug] [2024-08-08T09:32:16.841Z] [unzip] Entry: client/assets/index-I-mhtQda.js (compressed_size=565968 bytes, uncompressed_size=2030855 bytes)
[debug] [2024-08-08T09:32:16.842Z] [unzip] Processing entry: client\assets\index-I-mhtQda.js
[debug] [2024-08-08T09:32:16.842Z] [unzip] else mkdir: C:\Users\jjerm\.cache\firebase\emulators\ui-v1.13.0\client\assets
[debug] [2024-08-08T09:32:16.843Z] [unzip] deflating: C:\Users\jjerm\.cache\firebase\emulators\ui-v1.13.0\client\assets\index-I-mhtQda.js
[debug] [2024-08-08T09:32:16.882Z] [unzip] Entry: client/assets/extensions/ (compressed_size=0 bytes, uncompressed_size=0 bytes)
[debug] [2024-08-08T09:32:16.882Z] [unzip] Processing entry: client\assets\extensions\
[debug] [2024-08-08T09:32:16.882Z] [unzip] mkdir: C:\Users\jjerm\.cache\firebase\emulators\ui-v1.13.0\client\assets\extensions\
[debug] [2024-08-08T09:32:16.884Z] [unzip] Entry: client/assets/extensions/default-extension.png (compressed_size=1646 bytes, uncompressed_size=1657 bytes)
[debug] [2024-08-08T09:32:16.884Z] [unzip] Processing entry: client\assets\extensions\default-extension.png
[debug] [2024-08-08T09:32:16.884Z] [unzip] else mkdir: C:\Users\jjerm\.cache\firebase\emulators\ui-v1.13.0\client\assets\extensions
[debug] [2024-08-08T09:32:16.885Z] [unzip] deflating: C:\Users\jjerm\.cache\firebase\emulators\ui-v1.13.0\client\assets\extensions\default-extension.png
[debug] [2024-08-08T09:32:16.889Z] [unzip] Entry: client/assets/img/ (compressed_size=0 bytes, uncompressed_size=0 bytes)
[debug] [2024-08-08T09:32:16.889Z] [unzip] Processing entry: client\assets\img\
[debug] [2024-08-08T09:32:16.889Z] [unzip] mkdir: C:\Users\jjerm\.cache\firebase\emulators\ui-v1.13.0\client\assets\img\
[debug] [2024-08-08T09:32:16.891Z] [unzip] Entry: client/assets/img/database.png (compressed_size=29449 bytes, uncompressed_size=29988 bytes)
[debug] [2024-08-08T09:32:16.891Z] [unzip] Processing entry: client\assets\img\database.png
[debug] [2024-08-08T09:32:16.891Z] [unzip] else mkdir: C:\Users\jjerm\.cache\firebase\emulators\ui-v1.13.0\client\assets\img
[debug] [2024-08-08T09:32:16.892Z] [unzip] deflating: C:\Users\jjerm\.cache\firebase\emulators\ui-v1.13.0\client\assets\img\database.png
[debug] [2024-08-08T09:32:16.896Z] [unzip] Entry: client/assets/provider-icons/ (compressed_size=0 bytes, uncompressed_size=0 bytes)
[debug] [2024-08-08T09:32:16.897Z] [unzip] Processing entry: client\assets\provider-icons\
[debug] [2024-08-08T09:32:16.897Z] [unzip] mkdir: C:\Users\jjerm\.cache\firebase\emulators\ui-v1.13.0\client\assets\provider-icons\
[debug] [2024-08-08T09:32:16.898Z] [unzip] Entry: client/assets/provider-icons/auth_service_saml.svg (compressed_size=575 bytes, uncompressed_size=1226 bytes)
[debug] [2024-08-08T09:32:16.898Z] [unzip] Processing entry: client\assets\provider-icons\auth_service_saml.svg
[debug] [2024-08-08T09:32:16.898Z] [unzip] else mkdir: C:\Users\jjerm\.cache\firebase\emulators\ui-v1.13.0\client\assets\provider-icons
[debug] [2024-08-08T09:32:16.899Z] [unzip] deflating: C:\Users\jjerm\.cache\firebase\emulators\ui-v1.13.0\client\assets\provider-icons\auth_service_saml.svg
[debug] [2024-08-08T09:32:16.903Z] [unzip] Entry: client/assets/provider-icons/auth_service_phone.svg (compressed_size=261 bytes, uncompressed_size=414 bytes)
[debug] [2024-08-08T09:32:16.903Z] [unzip] Processing entry: client\assets\provider-icons\auth_service_phone.svg
[debug] [2024-08-08T09:32:16.903Z] [unzip] else mkdir: C:\Users\jjerm\.cache\firebase\emulators\ui-v1.13.0\client\assets\provider-icons
[debug] [2024-08-08T09:32:16.904Z] [unzip] deflating: C:\Users\jjerm\.cache\firebase\emulators\ui-v1.13.0\client\assets\provider-icons\auth_service_phone.svg
[debug] [2024-08-08T09:32:16.908Z] [unzip] Entry: client/assets/provider-icons/auth_service_facebook.svg (compressed_size=289 bytes, uncompressed_size=457 bytes)
[debug] [2024-08-08T09:32:16.908Z] [unzip] Processing entry: client\assets\provider-icons\auth_service_facebook.svg
[debug] [2024-08-08T09:32:16.908Z] [unzip] else mkdir: C:\Users\jjerm\.cache\firebase\emulators\ui-v1.13.0\client\assets\provider-icons
[debug] [2024-08-08T09:32:16.910Z] [unzip] deflating: C:\Users\jjerm\.cache\firebase\emulators\ui-v1.13.0\client\assets\provider-icons\auth_service_facebook.svg
[debug] [2024-08-08T09:32:16.914Z] [unzip] Entry: client/assets/provider-icons/auth_service_game_center.svg (compressed_size=991 bytes, uncompressed_size=3921 bytes)
[debug] [2024-08-08T09:32:16.914Z] [unzip] Processing entry: client\assets\provider-icons\auth_service_game_center.svg
[debug] [2024-08-08T09:32:16.914Z] [unzip] else mkdir: C:\Users\jjerm\.cache\firebase\emulators\ui-v1.13.0\client\assets\provider-icons
[debug] [2024-08-08T09:32:16.916Z] [unzip] deflating: C:\Users\jjerm\.cache\firebase\emulators\ui-v1.13.0\client\assets\provider-icons\auth_service_game_center.svg
[debug] [2024-08-08T09:32:16.925Z] [unzip] Entry: client/assets/provider-icons/auth_service_apple.svg (compressed_size=230 bytes, uncompressed_size=334 bytes)
[debug] [2024-08-08T09:32:16.925Z] [unzip] Processing entry: client\assets\provider-icons\auth_service_apple.svg
[debug] [2024-08-08T09:32:16.925Z] [unzip] else mkdir: C:\Users\jjerm\.cache\firebase\emulators\ui-v1.13.0\client\assets\provider-icons
[debug] [2024-08-08T09:32:16.927Z] [unzip] deflating: C:\Users\jjerm\.cache\firebase\emulators\ui-v1.13.0\client\assets\provider-icons\auth_service_apple.svg
[debug] [2024-08-08T09:32:16.930Z] [unzip] Entry: client/assets/provider-icons/auth_service_github.svg (compressed_size=466 bytes, uncompressed_size=838 bytes)
[debug] [2024-08-08T09:32:16.930Z] [unzip] Processing entry: client\assets\provider-icons\auth_service_github.svg
[debug] [2024-08-08T09:32:16.931Z] [unzip] else mkdir: C:\Users\jjerm\.cache\firebase\emulators\ui-v1.13.0\client\assets\provider-icons
[debug] [2024-08-08T09:32:16.932Z] [unzip] deflating: C:\Users\jjerm\.cache\firebase\emulators\ui-v1.13.0\client\assets\provider-icons\auth_service_github.svg
[debug] [2024-08-08T09:32:16.935Z] [unzip] Entry: client/assets/provider-icons/auth_service_mslive.svg (compressed_size=203 bytes, uncompressed_size=378 bytes)
[debug] [2024-08-08T09:32:16.936Z] [unzip] Processing entry: client\assets\provider-icons\auth_service_mslive.svg
[debug] [2024-08-08T09:32:16.936Z] [unzip] else mkdir: C:\Users\jjerm\.cache\firebase\emulators\ui-v1.13.0\client\assets\provider-icons
[debug] [2024-08-08T09:32:16.937Z] [unzip] deflating: C:\Users\jjerm\.cache\firebase\emulators\ui-v1.13.0\client\assets\provider-icons\auth_service_mslive.svg
[debug] [2024-08-08T09:32:16.941Z] [unzip] Entry: client/assets/provider-icons/auth_service_yahoo.svg (compressed_size=577 bytes, uncompressed_size=1182 bytes)
[debug] [2024-08-08T09:32:16.941Z] [unzip] Processing entry: client\assets\provider-icons\auth_service_yahoo.svg
[debug] [2024-08-08T09:32:16.941Z] [unzip] else mkdir: C:\Users\jjerm\.cache\firebase\emulators\ui-v1.13.0\client\assets\provider-icons
[debug] [2024-08-08T09:32:16.942Z] [unzip] deflating: C:\Users\jjerm\.cache\firebase\emulators\ui-v1.13.0\client\assets\provider-icons\auth_service_yahoo.svg
[debug] [2024-08-08T09:32:16.946Z] [unzip] Entry: client/assets/provider-icons/auth_service_twitter.svg (compressed_size=444 bytes, uncompressed_size=751 bytes)
[debug] [2024-08-08T09:32:16.947Z] [unzip] Processing entry: client\assets\provider-icons\auth_service_twitter.svg
[debug] [2024-08-08T09:32:16.947Z] [unzip] else mkdir: C:\Users\jjerm\.cache\firebase\emulators\ui-v1.13.0\client\assets\provider-icons
[debug] [2024-08-08T09:32:16.949Z] [unzip] deflating: C:\Users\jjerm\.cache\firebase\emulators\ui-v1.13.0\client\assets\provider-icons\auth_service_twitter.svg
[debug] [2024-08-08T09:32:16.953Z] [unzip] Entry: client/assets/provider-icons/auth_service_play_games.svg (compressed_size=565 bytes, uncompressed_size=1173 bytes)
[debug] [2024-08-08T09:32:16.953Z] [unzip] Processing entry: client\assets\provider-icons\auth_service_play_games.svg
[debug] [2024-08-08T09:32:16.954Z] [unzip] else mkdir: C:\Users\jjerm\.cache\firebase\emulators\ui-v1.13.0\client\assets\provider-icons
[debug] [2024-08-08T09:32:16.955Z] [unzip] deflating: C:\Users\jjerm\.cache\firebase\emulators\ui-v1.13.0\client\assets\provider-icons\auth_service_play_games.svg
[debug] [2024-08-08T09:32:16.958Z] [unzip] Entry: client/assets/provider-icons/auth_service_email.svg (compressed_size=228 bytes, uncompressed_size=326 bytes)
[debug] [2024-08-08T09:32:16.958Z] [unzip] Processing entry: client\assets\provider-icons\auth_service_email.svg
[debug] [2024-08-08T09:32:16.959Z] [unzip] else mkdir: C:\Users\jjerm\.cache\firebase\emulators\ui-v1.13.0\client\assets\provider-icons
[debug] [2024-08-08T09:32:16.960Z] [unzip] deflating: C:\Users\jjerm\.cache\firebase\emulators\ui-v1.13.0\client\assets\provider-icons\auth_service_email.svg
[debug] [2024-08-08T09:32:16.963Z] [unzip] Entry: client/assets/provider-icons/auth_service_google.svg (compressed_size=409 bytes, uncompressed_size=720 bytes)
[debug] [2024-08-08T09:32:16.963Z] [unzip] Processing entry: client\assets\provider-icons\auth_service_google.svg
[debug] [2024-08-08T09:32:16.963Z] [unzip] else mkdir: C:\Users\jjerm\.cache\firebase\emulators\ui-v1.13.0\client\assets\provider-icons
[debug] [2024-08-08T09:32:16.965Z] [unzip] deflating: C:\Users\jjerm\.cache\firebase\emulators\ui-v1.13.0\client\assets\provider-icons\auth_service_google.svg
[debug] [2024-08-08T09:32:16.969Z] [unzip] Entry: client/assets/provider-icons/auth_service_oidc.svg (compressed_size=414 bytes, uncompressed_size=858 bytes)
[debug] [2024-08-08T09:32:16.969Z] [unzip] Processing entry: client\assets\provider-icons\auth_service_oidc.svg
[debug] [2024-08-08T09:32:16.969Z] [unzip] else mkdir: C:\Users\jjerm\.cache\firebase\emulators\ui-v1.13.0\client\assets\provider-icons
[debug] [2024-08-08T09:32:16.970Z] [unzip] deflating: C:\Users\jjerm\.cache\firebase\emulators\ui-v1.13.0\client\assets\provider-icons\auth_service_oidc.svg
[debug] [2024-08-08T09:32:16.974Z] [unzip] Entry: client/browserconfig.xml (compressed_size=491 bytes, uncompressed_size=822 bytes)
[debug] [2024-08-08T09:32:16.974Z] [unzip] Processing entry: client\browserconfig.xml
[debug] [2024-08-08T09:32:16.974Z] [unzip] else mkdir: C:\Users\jjerm\.cache\firebase\emulators\ui-v1.13.0\client
[debug] [2024-08-08T09:32:16.975Z] [unzip] deflating: C:\Users\jjerm\.cache\firebase\emulators\ui-v1.13.0\client\browserconfig.xml
[debug] [2024-08-08T09:32:16.978Z] [unzip] Entry: client/favicon-32x32.png (compressed_size=475 bytes, uncompressed_size=475 bytes)
[debug] [2024-08-08T09:32:16.978Z] [unzip] Processing entry: client\favicon-32x32.png
[debug] [2024-08-08T09:32:16.979Z] [unzip] else mkdir: C:\Users\jjerm\.cache\firebase\emulators\ui-v1.13.0\client
[debug] [2024-08-08T09:32:16.980Z] [unzip] Writing file: C:\Users\jjerm\.cache\firebase\emulators\ui-v1.13.0\client\favicon-32x32.png
[debug] [2024-08-08T09:32:16.982Z] [unzip] Entry: server/ (compressed_size=0 bytes, uncompressed_size=0 bytes)
[debug] [2024-08-08T09:32:16.982Z] [unzip] Processing entry: server\
[debug] [2024-08-08T09:32:16.982Z] [unzip] mkdir: C:\Users\jjerm\.cache\firebase\emulators\ui-v1.13.0\server\
[debug] [2024-08-08T09:32:16.984Z] [unzip] Entry: server/server.mjs.map (compressed_size=294629 bytes, uncompressed_size=1346672 bytes)
[debug] [2024-08-08T09:32:16.984Z] [unzip] Processing entry: server\server.mjs.map
[debug] [2024-08-08T09:32:16.984Z] [unzip] else mkdir: C:\Users\jjerm\.cache\firebase\emulators\ui-v1.13.0\server
[debug] [2024-08-08T09:32:16.985Z] [unzip] deflating: C:\Users\jjerm\.cache\firebase\emulators\ui-v1.13.0\server\server.mjs.map
[debug] [2024-08-08T09:32:17.001Z] [unzip] Entry: server/server.mjs (compressed_size=314679 bytes, uncompressed_size=1167517 bytes)
[debug] [2024-08-08T09:32:17.001Z] [unzip] Processing entry: server\server.mjs
[debug] [2024-08-08T09:32:17.001Z] [unzip] else mkdir: C:\Users\jjerm\.cache\firebase\emulators\ui-v1.13.0\server
[debug] [2024-08-08T09:32:17.002Z] [unzip] deflating: C:\Users\jjerm\.cache\firebase\emulators\ui-v1.13.0\server\server.mjs
[debug] [2024-08-08T09:32:17.018Z] [unzip] Entry: server/assets/ (compressed_size=0 bytes, uncompressed_size=0 bytes)
[debug] [2024-08-08T09:32:17.018Z] [unzip] Processing entry: server\assets\
[debug] [2024-08-08T09:32:17.018Z] [unzip] mkdir: C:\Users\jjerm\.cache\firebase\emulators\ui-v1.13.0\server\assets\
[debug] [2024-08-08T09:32:17.020Z] [unzip] Entry: server/assets/multipart-parser-DGCUZdXu.mjs.map (compressed_size=4791 bytes, uncompressed_size=17918 bytes)
[debug] [2024-08-08T09:32:17.020Z] [unzip] Processing entry: server\assets\multipart-parser-DGCUZdXu.mjs.map
[debug] [2024-08-08T09:32:17.021Z] [unzip] else mkdir: C:\Users\jjerm\.cache\firebase\emulators\ui-v1.13.0\server\assets
[debug] [2024-08-08T09:32:17.022Z] [unzip] deflating: C:\Users\jjerm\.cache\firebase\emulators\ui-v1.13.0\server\assets\multipart-parser-DGCUZdXu.mjs.map
[debug] [2024-08-08T09:32:17.025Z] [unzip] Entry: server/assets/multipart-parser-DGCUZdXu.mjs (compressed_size=2621 bytes, uncompressed_size=10390 bytes)
[debug] [2024-08-08T09:32:17.025Z] [unzip] Processing entry: server\assets\multipart-parser-DGCUZdXu.mjs
[debug] [2024-08-08T09:32:17.025Z] [unzip] else mkdir: C:\Users\jjerm\.cache\firebase\emulators\ui-v1.13.0\server\assets
[debug] [2024-08-08T09:32:17.026Z] [unzip] deflating: C:\Users\jjerm\.cache\firebase\emulators\ui-v1.13.0\server\assets\multipart-parser-DGCUZdXu.mjs
[debug] [2024-08-08T09:32:17.032Z] Ignoring unsupported arg: auto_download {"metadata":{"emulator":{"name":"ui"},"message":"Ignoring unsupported arg: auto_download"}}
[debug] [2024-08-08T09:32:17.032Z] Ignoring unsupported arg: port {"metadata":{"emulator":{"name":"ui"},"message":"Ignoring unsupported arg: port"}}
[debug] [2024-08-08T09:32:17.033Z] Starting Emulator UI with command {"binary":"node","args":["C:\\Users\\jjerm\\.cache\\firebase\\emulators\\ui-v1.13.0\\server\\server.mjs"],"optionalArgs":[],"joinArgs":false,"shell":false} {"metadata":{"emulator":{"name":"ui"},"message":"Starting Emulator UI with command {\"binary\":\"node\",\"args\":[\"C:\\\\Users\\\\jjerm\\\\.cache\\\\firebase\\\\emulators\\\\ui-v1.13.0\\\\server\\\\server.mjs\"],\"optionalArgs\":[],\"joinArgs\":false,\"shell\":false}"}}
[info] i  ui: Emulator UI logging to ui-debug.log {"metadata":{"emulator":{"name":"ui"},"message":"Emulator UI logging to \u001b[1mui-debug.log\u001b[22m"}}
[debug] [2024-08-08T09:32:17.422Z] Web / API server started at 127.0.0.1:4000
 {"metadata":{"emulator":{"name":"ui"},"message":"Web / API server started at 127.0.0.1:4000\n"}}
[debug] [2024-08-08T09:32:17.423Z] Web / API server started at ::1:4000
 {"metadata":{"emulator":{"name":"ui"},"message":"Web / API server started at ::1:4000\n"}}
[info] i  functions: Watching "C:\Users\jjerm\Desktop\amazon-clone\functions" for Cloud Functions... {"metadata":{"emulator":{"name":"functions"},"message":"Watching \"C:\\Users\\jjerm\\Desktop\\amazon-clone\\functions\" for Cloud Functions..."}}
[debug] [2024-08-08T09:32:17.540Z] Validating nodejs source
[debug] [2024-08-08T09:32:20.812Z] > [functions] package.json contents: {
  "name": "functions",
  "description": "Cloud Functions for Firebase",
  "scripts": {
    "lint": "eslint .",
    "serve": "firebase emulators:start --only functions",
    "shell": "firebase functions:shell",
    "start": "npm run shell",
    "deploy": "firebase deploy --only functions",
    "logs": "firebase functions:log"
  },
  "engines": {
    "node": "18"
  },
  "main": "index.js",
  "dependencies": {
    "cors": "^2.8.5",
    "express": "^4.19.2",
    "firebase-admin": "^12.1.0",
    "firebase-functions": "^5.0.0",
    "stripe": "^16.6.0"
  },
  "devDependencies": {
    "eslint": "^8.15.0",
    "eslint-config-google": "^0.14.0",
    "firebase-functions-test": "^3.1.0"
  },
  "private": true
}
[debug] [2024-08-08T09:32:20.813Z] Building nodejs source
[debug] [2024-08-08T09:32:20.814Z] Failed to find version of module node: reached end of search path C:\Users\jjerm\Desktop\amazon-clone\functions\node_modules
[warn] !  functions: Your requested "node" version "18" doesn't match your global version "22". Using node@22 from host. 
[debug] [2024-08-08T09:32:20.820Z] Could not find functions.yaml. Must use http discovery
[debug] [2024-08-08T09:32:20.842Z] Found firebase-functions binary at 'C:\Users\jjerm\Desktop\amazon-clone\functions\node_modules\.bin\firebase-functions'
[info] Serving at port 8370

[error] ReferenceError: functions is not defined
    at Object.<anonymous> (C:\Users\jjerm\Desktop\amazon-clone\functions\index.js:21:15)
    at Module._compile (node:internal/modules/cjs/loader:1467:14)
    at Module._extensions..js (node:internal/modules/cjs/loader:1551:10)
    at Module.load (node:internal/modules/cjs/loader:1282:32)
    at Module._load (node:internal/modules/cjs/loader:1098:12)
    at TracingChannel.traceSync (node:diagnostics_channel:315:14)
    at wrapModuleLoad (node:internal/modules/cjs/loader:215:24)
    at Module.require (node:internal/modules/cjs/loader:1304:12)
    at require (node:internal/modules/helpers:123:16)
    at loadModule (C:\Users\jjerm\Desktop\amazon-clone\functions\node_modules\firebase-functions\lib\runtime\loader.js:40:16)

[debug] [2024-08-08T09:32:23.237Z] Got response code 400; body Failed to generate manifest from function source: ReferenceError: functions is not defined
[error] !!  functions: Failed to load function definition from source: FirebaseError: Functions codebase could not be analyzed successfully. It may have a syntax or runtime error {"metadata":{"emulator":{"name":"functions"},"message":"Failed to load function definition from source: FirebaseError: Functions codebase could not be analyzed successfully. It may have a syntax or runtime error"}}
[info] 
┌─────────────────────────────────────────────────────────────┐
│ ✔  All emulators ready! It is now safe to connect your app. │
│ i  View Emulator UI at http://127.0.0.1:4000/               │
└─────────────────────────────────────────────────────────────┘

┌───────────┬────────────────┬─────────────────────────────────┐
│ Emulator  │ Host:Port      │ View in Emulator UI             │
├───────────┼────────────────┼─────────────────────────────────┤
│ Functions │ 127.0.0.1:5001 │ http://127.0.0.1:4000/functions │
└───────────┴────────────────┴─────────────────────────────────┘
  Emulator Hub running at 127.0.0.1:4400
  Other reserved ports: 4500

Issues? Report them at https://github.com/firebase/firebase-tools/issues and attach the *-debug.log files.
 
[debug] [2024-08-08T09:36:16.970Z] File C:\Users\jjerm\Desktop\amazon-clone\functions\index.js changed, reloading triggers {"metadata":{"emulator":{"name":"functions"},"message":"File C:\\Users\\jjerm\\Desktop\\amazon-clone\\functions\\index.js changed, reloading triggers"}}
[debug] [2024-08-08T09:36:17.987Z] Validating nodejs source
[debug] [2024-08-08T09:36:21.500Z] > [functions] package.json contents: {
  "name": "functions",
  "description": "Cloud Functions for Firebase",
  "scripts": {
    "lint": "eslint .",
    "serve": "firebase emulators:start --only functions",
    "shell": "firebase functions:shell",
    "start": "npm run shell",
    "deploy": "firebase deploy --only functions",
    "logs": "firebase functions:log"
  },
  "engines": {
    "node": "18"
  },
  "main": "index.js",
  "dependencies": {
    "cors": "^2.8.5",
    "express": "^4.19.2",
    "firebase-admin": "^12.1.0",
    "firebase-functions": "^5.0.0",
    "stripe": "^16.6.0"
  },
  "devDependencies": {
    "eslint": "^8.15.0",
    "eslint-config-google": "^0.14.0",
    "firebase-functions-test": "^3.1.0"
  },
  "private": true
}
[debug] [2024-08-08T09:36:21.500Z] Building nodejs source
[debug] [2024-08-08T09:36:21.501Z] Failed to find version of module node: reached end of search path C:\Users\jjerm\Desktop\amazon-clone\functions\node_modules
[warn] !  functions: Your requested "node" version "18" doesn't match your global version "22". Using node@22 from host. 
[debug] [2024-08-08T09:36:21.505Z] Could not find functions.yaml. Must use http discovery
[debug] [2024-08-08T09:36:21.521Z] Found firebase-functions binary at 'C:\Users\jjerm\Desktop\amazon-clone\functions\node_modules\.bin\firebase-functions'
[info] Serving at port 8690

[debug] [2024-08-08T09:36:23.955Z] Got response from /__/functions.yaml {"endpoints":{"api":{"platform":"gcfv1","availableMemoryMb":null,"timeoutSeconds":null,"minInstances":null,"maxInstances":null,"ingressSettings":null,"serviceAccountEmail":null,"vpc":null,"httpsTrigger":{},"entryPoint":"api"}},"specVersion":"v1alpha1","requiredAPIs":[]}
[info] +  functions: Loaded functions definitions from source: api. {"metadata":{"emulator":{"name":"functions"},"message":"Loaded functions definitions from source: api."}}
[info] +  functions[us-central1-api]: http function initialized (http://127.0.0.1:5001/clone-cab8a/us-central1/api). {"metadata":{"emulator":{"name":"functions"},"message":"\u001b[1mhttp\u001b[22m function initialized (http://127.0.0.1:5001/clone-cab8a/us-central1/api)."}}
[debug] [2024-08-08T09:41:34.638Z] [work-queue] {"queuedWork":["/clone-cab8a/us-central1/api-2024-08-08T09:41:34.635Z"],"queueLength":1,"runningWork":[],"workRunningCount":0}
[debug] [2024-08-08T09:41:34.640Z] [work-queue] {"queuedWork":[],"queueLength":0,"runningWork":["/clone-cab8a/us-central1/api-2024-08-08T09:41:34.635Z"],"workRunningCount":1}
[debug] [2024-08-08T09:41:34.641Z] Accepted request GET /clone-cab8a/us-central1/api --> us-central1-api
[debug] [2024-08-08T09:41:34.661Z] [functions] Runtime ready! Sending request! {"metadata":{"emulator":{"name":"functions"},"message":"[functions] Runtime ready! Sending request!"}}
[debug] [2024-08-08T09:41:34.663Z] [functions] Got req.url=/clone-cab8a/us-central1/api, mapping to path=/ {"metadata":{"emulator":{"name":"functions"},"message":"[functions] Got req.url=/clone-cab8a/us-central1/api, mapping to path=/"}}
[debug] [2024-08-08T09:41:34.720Z] [worker-pool] addWorker(us-central1-api) {"metadata":{"emulator":{"name":"functions"},"message":"[worker-pool] addWorker(us-central1-api)"}}
[debug] [2024-08-08T09:41:34.722Z] [worker-pool] Adding worker with key us-central1-api, total=1 {"metadata":{"emulator":{"name":"functions"},"message":"[worker-pool] Adding worker with key us-central1-api, total=1"}}
[info] >  (node:27784) [DEP0040] DeprecationWarning: The `punycode` module is deprecated. Please use a userland alternative instead. {"user":"(node:27784) [DEP0040] DeprecationWarning: The `punycode` module is deprecated. Please use a userland alternative instead.","metadata":{"emulator":{"name":"functions"},"function":{"name":"us-central1-api"},"extension":{},"message":"\u001b[90m> \u001b[39m (node:27784) [DEP0040] DeprecationWarning: The `punycode` module is deprecated. Please use a userland alternative instead."}}
[info] >  (Use `node --trace-deprecation ...` to show where the warning was created) {"user":"(Use `node --trace-deprecation ...` to show where the warning was created)","metadata":{"emulator":{"name":"functions"},"function":{"name":"us-central1-api"},"extension":{},"message":"\u001b[90m> \u001b[39m (Use `node --trace-deprecation ...` to show where the warning was created)"}}
[debug] [2024-08-08T09:41:39.905Z] [runtime-status] [27784] Resolved module firebase-admin {"declared":true,"installed":true,"version":"12.3.0","resolution":"C:\\Users\\jjerm\\Desktop\\amazon-clone\\functions\\node_modules\\firebase-admin\\lib\\index.js"} {"metadata":{"emulator":{"name":"functions"},"function":{"name":"us-central1-api"},"extension":{},"message":"[runtime-status] [27784] Resolved module firebase-admin {\"declared\":true,\"installed\":true,\"version\":\"12.3.0\",\"resolution\":\"C:\\\\Users\\\\jjerm\\\\Desktop\\\\amazon-clone\\\\functions\\\\node_modules\\\\firebase-admin\\\\lib\\\\index.js\"}"}}
[debug] [2024-08-08T09:41:39.911Z] [runtime-status] [27784] Resolved module firebase-functions {"declared":true,"installed":true,"version":"5.0.1","resolution":"C:\\Users\\jjerm\\Desktop\\amazon-clone\\functions\\node_modules\\firebase-functions\\lib\\v1\\index.js"} {"metadata":{"emulator":{"name":"functions"},"function":{"name":"us-central1-api"},"extension":{},"message":"[runtime-status] [27784] Resolved module firebase-functions {\"declared\":true,\"installed\":true,\"version\":\"5.0.1\",\"resolution\":\"C:\\\\Users\\\\jjerm\\\\Desktop\\\\amazon-clone\\\\functions\\\\node_modules\\\\firebase-functions\\\\lib\\\\v1\\\\index.js\"}"}}
[debug] [2024-08-08T09:41:39.913Z] [runtime-status] [27784] Outgoing network have been stubbed. [{"name":"http","status":"mocked"},{"name":"http","status":"mocked"},{"name":"https","status":"mocked"},{"name":"https","status":"mocked"},{"name":"net","status":"mocked"}] {"metadata":{"emulator":{"name":"functions"},"function":{"name":"us-central1-api"},"extension":{},"message":"[runtime-status] [27784] Outgoing network have been stubbed. [{\"name\":\"http\",\"status\":\"mocked\"},{\"name\":\"http\",\"status\":\"mocked\"},{\"name\":\"https\",\"status\":\"mocked\"},{\"name\":\"https\",\"status\":\"mocked\"},{\"name\":\"net\",\"status\":\"mocked\"}]"}}
[debug] [2024-08-08T09:41:39.926Z] [runtime-status] [27784] Resolved module firebase-functions {"declared":true,"installed":true,"version":"5.0.1","resolution":"C:\\Users\\jjerm\\Desktop\\amazon-clone\\functions\\node_modules\\firebase-functions\\lib\\v1\\index.js"} {"metadata":{"emulator":{"name":"functions"},"function":{"name":"us-central1-api"},"extension":{},"message":"[runtime-status] [27784] Resolved module firebase-functions {\"declared\":true,\"installed\":true,\"version\":\"5.0.1\",\"resolution\":\"C:\\\\Users\\\\jjerm\\\\Desktop\\\\amazon-clone\\\\functions\\\\node_modules\\\\firebase-functions\\\\lib\\\\v1\\\\index.js\"}"}}
[debug] [2024-08-08T09:41:41.070Z] [runtime-status] [27784] Checked functions.config() {"config":{}} {"metadata":{"emulator":{"name":"functions"},"function":{"name":"us-central1-api"},"extension":{},"message":"[runtime-status] [27784] Checked functions.config() {\"config\":{}}"}}
[debug] [2024-08-08T09:41:41.070Z] [runtime-status] [27784] firebase-functions has been stubbed. {"functionsResolution":{"declared":true,"installed":true,"version":"5.0.1","resolution":"C:\\Users\\jjerm\\Desktop\\amazon-clone\\functions\\node_modules\\firebase-functions\\lib\\v1\\index.js"}} {"metadata":{"emulator":{"name":"functions"},"function":{"name":"us-central1-api"},"extension":{},"message":"[runtime-status] [27784] firebase-functions has been stubbed. {\"functionsResolution\":{\"declared\":true,\"installed\":true,\"version\":\"5.0.1\",\"resolution\":\"C:\\\\Users\\\\jjerm\\\\Desktop\\\\amazon-clone\\\\functions\\\\node_modules\\\\firebase-functions\\\\lib\\\\v1\\\\index.js\"}}"}}
[debug] [2024-08-08T09:41:41.075Z] [runtime-status] [27784] Resolved module firebase-functions {"declared":true,"installed":true,"version":"5.0.1","resolution":"C:\\Users\\jjerm\\Desktop\\amazon-clone\\functions\\node_modules\\firebase-functions\\lib\\v1\\index.js"} {"metadata":{"emulator":{"name":"functions"},"function":{"name":"us-central1-api"},"extension":{},"message":"[runtime-status] [27784] Resolved module firebase-functions {\"declared\":true,\"installed\":true,\"version\":\"5.0.1\",\"resolution\":\"C:\\\\Users\\\\jjerm\\\\Desktop\\\\amazon-clone\\\\functions\\\\node_modules\\\\firebase-functions\\\\lib\\\\v1\\\\index.js\"}"}}
[debug] [2024-08-08T09:41:41.080Z] [runtime-status] [27784] Resolved module firebase-admin {"declared":true,"installed":true,"version":"12.3.0","resolution":"C:\\Users\\jjerm\\Desktop\\amazon-clone\\functions\\node_modules\\firebase-admin\\lib\\index.js"} {"metadata":{"emulator":{"name":"functions"},"function":{"name":"us-central1-api"},"extension":{},"message":"[runtime-status] [27784] Resolved module firebase-admin {\"declared\":true,\"installed\":true,\"version\":\"12.3.0\",\"resolution\":\"C:\\\\Users\\\\jjerm\\\\Desktop\\\\amazon-clone\\\\functions\\\\node_modules\\\\firebase-admin\\\\lib\\\\index.js\"}"}}
[debug] [2024-08-08T09:41:41.101Z] [runtime-status] [27784] Resolved module firebase-functions {"declared":true,"installed":true,"version":"5.0.1","resolution":"C:\\Users\\jjerm\\Desktop\\amazon-clone\\functions\\node_modules\\firebase-functions\\lib\\v1\\index.js"} {"metadata":{"emulator":{"name":"functions"},"function":{"name":"us-central1-api"},"extension":{},"message":"[runtime-status] [27784] Resolved module firebase-functions {\"declared\":true,\"installed\":true,\"version\":\"5.0.1\",\"resolution\":\"C:\\\\Users\\\\jjerm\\\\Desktop\\\\amazon-clone\\\\functions\\\\node_modules\\\\firebase-functions\\\\lib\\\\v1\\\\index.js\"}"}}
[debug] [2024-08-08T09:41:41.102Z] [runtime-status] [27784] firebase-admin has been stubbed. {"adminResolution":{"declared":true,"installed":true,"version":"12.3.0","resolution":"C:\\Users\\jjerm\\Desktop\\amazon-clone\\functions\\node_modules\\firebase-admin\\lib\\index.js"}} {"metadata":{"emulator":{"name":"functions"},"function":{"name":"us-central1-api"},"extension":{},"message":"[runtime-status] [27784] firebase-admin has been stubbed. {\"adminResolution\":{\"declared\":true,\"installed\":true,\"version\":\"12.3.0\",\"resolution\":\"C:\\\\Users\\\\jjerm\\\\Desktop\\\\amazon-clone\\\\functions\\\\node_modules\\\\firebase-admin\\\\lib\\\\index.js\"}}"}}
[debug] [2024-08-08T09:41:41.893Z] [runtime-status] [27784] Functions runtime initialized. {"cwd":"C:\\Users\\jjerm\\Desktop\\amazon-clone\\functions","node_version":"22.4.0"} {"metadata":{"emulator":{"name":"functions"},"function":{"name":"us-central1-api"},"extension":{},"message":"[runtime-status] [27784] Functions runtime initialized. {\"cwd\":\"C:\\\\Users\\\\jjerm\\\\Desktop\\\\amazon-clone\\\\functions\",\"node_version\":\"22.4.0\"}"}}
[debug] [2024-08-08T09:41:41.894Z] [runtime-status] [27784] Listening to port: \\?\pipe\fire_emu_8c691acee345362a {"metadata":{"emulator":{"name":"functions"},"function":{"name":"us-central1-api"},"extension":{},"message":"[runtime-status] [27784] Listening to port: \\\\?\\pipe\\fire_emu_8c691acee345362a"}}
[debug] [2024-08-08T09:41:41.975Z] [worker-us-central1-api-36ae5e4b-a6d4-43eb-b323-b0d4391d7912]: IDLE {"metadata":{"emulator":{"name":"functions"},"function":{"name":"us-central1-api"},"extension":{},"message":"[worker-us-central1-api-36ae5e4b-a6d4-43eb-b323-b0d4391d7912]: IDLE"}}
[debug] [2024-08-08T09:41:41.975Z] [worker-pool] submitRequest(triggerId=us-central1-api) {"metadata":{"emulator":{"name":"functions"},"message":"[worker-pool] submitRequest(triggerId=us-central1-api)"}}
[info] i  functions: Beginning execution of "us-central1-api" {"metadata":{"emulator":{"name":"functions"},"function":{"name":"us-central1-api"},"extension":{},"message":"Beginning execution of \"us-central1-api\""}}
[debug] [2024-08-08T09:41:41.978Z] [worker-us-central1-api-36ae5e4b-a6d4-43eb-b323-b0d4391d7912]: BUSY {"metadata":{"emulator":{"name":"functions"},"function":{"name":"us-central1-api"},"extension":{},"message":"[worker-us-central1-api-36ae5e4b-a6d4-43eb-b323-b0d4391d7912]: BUSY"}}
[debug] [2024-08-08T09:41:41.995Z] Finishing up request with event=pause {"metadata":{"emulator":{"name":"functions"},"function":{"name":"us-central1-api"},"extension":{},"message":"Finishing up request with event=pause"}}
[info] i  functions: Finished "us-central1-api" in 18.5997ms {"metadata":{"emulator":{"name":"functions"},"function":{"name":"us-central1-api"},"extension":{},"message":"Finished \"us-central1-api\" in 18.5997ms"}}
[debug] [2024-08-08T09:41:41.999Z] [worker-us-central1-api-36ae5e4b-a6d4-43eb-b323-b0d4391d7912]: IDLE {"metadata":{"emulator":{"name":"functions"},"function":{"name":"us-central1-api"},"extension":{},"message":"[worker-us-central1-api-36ae5e4b-a6d4-43eb-b323-b0d4391d7912]: IDLE"}}
[debug] [2024-08-08T09:41:42.000Z] Finishing up request with event=finish {"metadata":{"emulator":{"name":"functions"},"function":{"name":"us-central1-api"},"extension":{},"message":"Finishing up request with event=finish"}}
[debug] [2024-08-08T09:41:42.000Z] Finishing up request with event=close {"metadata":{"emulator":{"name":"functions"},"function":{"name":"us-central1-api"},"extension":{},"message":"Finishing up request with event=close"}}
[debug] [2024-08-08T09:41:42.002Z] [work-queue] {"queuedWork":[],"queueLength":0,"runningWork":[],"workRunningCount":0}
[debug] [2024-08-08T09:41:42.119Z] Functions emulator received unknown request at path /favicon.ico
[debug] [2024-08-08T10:37:25.244Z] [work-queue] {"queuedWork":["/clone-cab8a/us-central1/api-2024-08-08T10:37:25.240Z"],"queueLength":1,"runningWork":[],"workRunningCount":0}
[debug] [2024-08-08T10:37:25.249Z] [work-queue] {"queuedWork":[],"queueLength":0,"runningWork":["/clone-cab8a/us-central1/api-2024-08-08T10:37:25.240Z"],"workRunningCount":1}
[debug] [2024-08-08T10:37:25.250Z] Accepted request GET /clone-cab8a/us-central1/api --> us-central1-api
[debug] [2024-08-08T10:37:25.293Z] [functions] Runtime ready! Sending request! {"metadata":{"emulator":{"name":"functions"},"message":"[functions] Runtime ready! Sending request!"}}
[debug] [2024-08-08T10:37:25.296Z] [functions] Got req.url=/clone-cab8a/us-central1/api, mapping to path=/ {"metadata":{"emulator":{"name":"functions"},"message":"[functions] Got req.url=/clone-cab8a/us-central1/api, mapping to path=/"}}
[debug] [2024-08-08T10:37:25.298Z] [worker-pool] submitRequest(triggerId=us-central1-api) {"metadata":{"emulator":{"name":"functions"},"message":"[worker-pool] submitRequest(triggerId=us-central1-api)"}}
[info] i  functions: Beginning execution of "us-central1-api" {"metadata":{"emulator":{"name":"functions"},"function":{"name":"us-central1-api"},"extension":{},"message":"Beginning execution of \"us-central1-api\""}}
[debug] [2024-08-08T10:37:25.312Z] [worker-us-central1-api-36ae5e4b-a6d4-43eb-b323-b0d4391d7912]: BUSY {"metadata":{"emulator":{"name":"functions"},"function":{"name":"us-central1-api"},"extension":{},"message":"[worker-us-central1-api-36ae5e4b-a6d4-43eb-b323-b0d4391d7912]: BUSY"}}
[debug] [2024-08-08T10:37:25.450Z] Finishing up request with event=pause {"metadata":{"emulator":{"name":"functions"},"function":{"name":"us-central1-api"},"extension":{},"message":"Finishing up request with event=pause"}}
[info] i  functions: Finished "us-central1-api" in 139.5678ms {"metadata":{"emulator":{"name":"functions"},"function":{"name":"us-central1-api"},"extension":{},"message":"Finished \"us-central1-api\" in 139.5678ms"}}
[debug] [2024-08-08T10:37:25.458Z] [worker-us-central1-api-36ae5e4b-a6d4-43eb-b323-b0d4391d7912]: IDLE {"metadata":{"emulator":{"name":"functions"},"function":{"name":"us-central1-api"},"extension":{},"message":"[worker-us-central1-api-36ae5e4b-a6d4-43eb-b323-b0d4391d7912]: IDLE"}}
[debug] [2024-08-08T10:37:25.459Z] Finishing up request with event=finish {"metadata":{"emulator":{"name":"functions"},"function":{"name":"us-central1-api"},"extension":{},"message":"Finishing up request with event=finish"}}
[debug] [2024-08-08T10:37:25.459Z] Finishing up request with event=close {"metadata":{"emulator":{"name":"functions"},"function":{"name":"us-central1-api"},"extension":{},"message":"Finishing up request with event=close"}}
[debug] [2024-08-08T10:37:25.459Z] [work-queue] {"queuedWork":[],"queueLength":0,"runningWork":[],"workRunningCount":0}
[debug] [2024-08-08T10:51:15.879Z] File C:\Users\jjerm\Desktop\amazon-clone\functions\index.js changed, reloading triggers {"metadata":{"emulator":{"name":"functions"},"message":"File C:\\Users\\jjerm\\Desktop\\amazon-clone\\functions\\index.js changed, reloading triggers"}}
[debug] [2024-08-08T10:51:16.894Z] Validating nodejs source
[debug] [2024-08-08T10:51:19.600Z] > [functions] package.json contents: {
  "name": "functions",
  "description": "Cloud Functions for Firebase",
  "scripts": {
    "lint": "eslint .",
    "serve": "firebase emulators:start --only functions",
    "shell": "firebase functions:shell",
    "start": "npm run shell",
    "deploy": "firebase deploy --only functions",
    "logs": "firebase functions:log"
  },
  "engines": {
    "node": "18"
  },
  "main": "index.js",
  "dependencies": {
    "cors": "^2.8.5",
    "express": "^4.19.2",
    "firebase-admin": "^12.1.0",
    "firebase-functions": "^5.0.0",
    "stripe": "^16.6.0"
  },
  "devDependencies": {
    "eslint": "^8.15.0",
    "eslint-config-google": "^0.14.0",
    "firebase-functions-test": "^3.1.0"
  },
  "private": true
}
[debug] [2024-08-08T10:51:19.601Z] Building nodejs source
[debug] [2024-08-08T10:51:19.601Z] Failed to find version of module node: reached end of search path C:\Users\jjerm\Desktop\amazon-clone\functions\node_modules
[warn] !  functions: Your requested "node" version "18" doesn't match your global version "22". Using node@22 from host. 
[debug] [2024-08-08T10:51:19.612Z] Could not find functions.yaml. Must use http discovery
[debug] [2024-08-08T10:51:19.629Z] Found firebase-functions binary at 'C:\Users\jjerm\Desktop\amazon-clone\functions\node_modules\.bin\firebase-functions'
[info] Serving at port 8829

[debug] [2024-08-08T10:51:21.912Z] Got response from /__/functions.yaml {"endpoints":{"api":{"platform":"gcfv1","availableMemoryMb":null,"timeoutSeconds":null,"minInstances":null,"maxInstances":null,"ingressSettings":null,"serviceAccountEmail":null,"vpc":null,"httpsTrigger":{},"entryPoint":"api"}},"specVersion":"v1alpha1","requiredAPIs":[]}
[info] +  functions: Loaded functions definitions from source: api. {"metadata":{"emulator":{"name":"functions"},"message":"Loaded functions definitions from source: api."}}
[debug] [2024-08-08T10:51:26.962Z] [worker-pool] Shutting down IDLE worker (us-central1-api) {"metadata":{"emulator":{"name":"functions"},"message":"[worker-pool] Shutting down IDLE worker (us-central1-api)"}}
[debug] [2024-08-08T10:51:26.962Z] [worker-us-central1-api-36ae5e4b-a6d4-43eb-b323-b0d4391d7912]: FINISHING {"metadata":{"emulator":{"name":"functions"},"function":{"name":"us-central1-api"},"extension":{},"message":"[worker-us-central1-api-36ae5e4b-a6d4-43eb-b323-b0d4391d7912]: FINISHING"}}
[debug] [2024-08-08T10:51:26.988Z] [worker-us-central1-api-36ae5e4b-a6d4-43eb-b323-b0d4391d7912]: exited {"metadata":{"emulator":{"name":"functions"},"function":{"name":"us-central1-api"},"extension":{},"message":"[worker-us-central1-api-36ae5e4b-a6d4-43eb-b323-b0d4391d7912]: exited"}}
[debug] [2024-08-08T10:51:26.989Z] [worker-us-central1-api-36ae5e4b-a6d4-43eb-b323-b0d4391d7912]: FINISHED {"metadata":{"emulator":{"name":"functions"},"function":{"name":"us-central1-api"},"extension":{},"message":"[worker-us-central1-api-36ae5e4b-a6d4-43eb-b323-b0d4391d7912]: FINISHED"}}
[debug] [2024-08-08T11:29:03.024Z] File C:\Users\jjerm\Desktop\amazon-clone\functions\index.js changed, reloading triggers {"metadata":{"emulator":{"name":"functions"},"message":"File C:\\Users\\jjerm\\Desktop\\amazon-clone\\functions\\index.js changed, reloading triggers"}}
[debug] [2024-08-08T11:29:04.031Z] Validating nodejs source
[debug] [2024-08-08T11:29:06.349Z] > [functions] package.json contents: {
  "name": "functions",
  "description": "Cloud Functions for Firebase",
  "scripts": {
    "lint": "eslint .",
    "serve": "firebase emulators:start --only functions",
    "shell": "firebase functions:shell",
    "start": "npm run shell",
    "deploy": "firebase deploy --only functions",
    "logs": "firebase functions:log"
  },
  "engines": {
    "node": "18"
  },
  "main": "index.js",
  "dependencies": {
    "cors": "^2.8.5",
    "express": "^4.19.2",
    "firebase-admin": "^12.1.0",
    "firebase-functions": "^5.0.0",
    "stripe": "^16.6.0"
  },
  "devDependencies": {
    "eslint": "^8.15.0",
    "eslint-config-google": "^0.14.0",
    "firebase-functions-test": "^3.1.0"
  },
  "private": true
}
[debug] [2024-08-08T11:29:06.350Z] Building nodejs source
[debug] [2024-08-08T11:29:06.350Z] Failed to find version of module node: reached end of search path C:\Users\jjerm\Desktop\amazon-clone\functions\node_modules
[warn] !  functions: Your requested "node" version "18" doesn't match your global version "22". Using node@22 from host. 
[debug] [2024-08-08T11:29:06.351Z] Could not find functions.yaml. Must use http discovery
[debug] [2024-08-08T11:29:06.359Z] Found firebase-functions binary at 'C:\Users\jjerm\Desktop\amazon-clone\functions\node_modules\.bin\firebase-functions'
[info] Serving at port 8596

[debug] [2024-08-08T11:29:08.533Z] Got response from /__/functions.yaml {"endpoints":{"api":{"platform":"gcfv1","availableMemoryMb":null,"timeoutSeconds":null,"minInstances":null,"maxInstances":null,"ingressSettings":null,"serviceAccountEmail":null,"vpc":null,"httpsTrigger":{},"entryPoint":"api"}},"specVersion":"v1alpha1","requiredAPIs":[]}
[info] +  functions: Loaded functions definitions from source: api. {"metadata":{"emulator":{"name":"functions"},"message":"Loaded functions definitions from source: api."}}
[debug] [2024-08-08T11:39:54.171Z] File C:\Users\jjerm\Desktop\amazon-clone\functions\index.js changed, reloading triggers {"metadata":{"emulator":{"name":"functions"},"message":"File C:\\Users\\jjerm\\Desktop\\amazon-clone\\functions\\index.js changed, reloading triggers"}}
[debug] [2024-08-08T11:39:55.181Z] Validating nodejs source
[debug] [2024-08-08T11:39:57.518Z] > [functions] package.json contents: {
  "name": "functions",
  "description": "Cloud Functions for Firebase",
  "scripts": {
    "lint": "eslint .",
    "serve": "firebase emulators:start --only functions",
    "shell": "firebase functions:shell",
    "start": "npm run shell",
    "deploy": "firebase deploy --only functions",
    "logs": "firebase functions:log"
  },
  "engines": {
    "node": "18"
  },
  "main": "index.js",
  "dependencies": {
    "cors": "^2.8.5",
    "express": "^4.19.2",
    "firebase-admin": "^12.1.0",
    "firebase-functions": "^5.0.0",
    "stripe": "^16.6.0"
  },
  "devDependencies": {
    "eslint": "^8.15.0",
    "eslint-config-google": "^0.14.0",
    "firebase-functions-test": "^3.1.0"
  },
  "private": true
}
[debug] [2024-08-08T11:39:57.519Z] Building nodejs source
[debug] [2024-08-08T11:39:57.519Z] Failed to find version of module node: reached end of search path C:\Users\jjerm\Desktop\amazon-clone\functions\node_modules
[warn] !  functions: Your requested "node" version "18" doesn't match your global version "22". Using node@22 from host. 
[debug] [2024-08-08T11:39:57.521Z] Could not find functions.yaml. Must use http discovery
[debug] [2024-08-08T11:39:57.535Z] Found firebase-functions binary at 'C:\Users\jjerm\Desktop\amazon-clone\functions\node_modules\.bin\firebase-functions'
[info] Serving at port 8359

[debug] [2024-08-08T11:39:59.301Z] Got response from /__/functions.yaml {"endpoints":{"api":{"platform":"gcfv1","availableMemoryMb":null,"timeoutSeconds":null,"minInstances":null,"maxInstances":null,"ingressSettings":null,"serviceAccountEmail":null,"vpc":null,"httpsTrigger":{},"entryPoint":"api"}},"specVersion":"v1alpha1","requiredAPIs":[]}
[info] +  functions: Loaded functions definitions from source: api. {"metadata":{"emulator":{"name":"functions"},"message":"Loaded functions definitions from source: api."}}
[debug] [2024-08-08T11:51:58.116Z] File C:\Users\jjerm\Desktop\amazon-clone\functions\index.js changed, reloading triggers {"metadata":{"emulator":{"name":"functions"},"message":"File C:\\Users\\jjerm\\Desktop\\amazon-clone\\functions\\index.js changed, reloading triggers"}}
[debug] [2024-08-08T11:51:59.129Z] Validating nodejs source
[debug] [2024-08-08T11:52:01.657Z] > [functions] package.json contents: {
  "name": "functions",
  "description": "Cloud Functions for Firebase",
  "scripts": {
    "lint": "eslint .",
    "serve": "firebase emulators:start --only functions",
    "shell": "firebase functions:shell",
    "start": "npm run shell",
    "deploy": "firebase deploy --only functions",
    "logs": "firebase functions:log"
  },
  "engines": {
    "node": "18"
  },
  "main": "index.js",
  "dependencies": {
    "cors": "^2.8.5",
    "express": "^4.19.2",
    "firebase-admin": "^12.1.0",
    "firebase-functions": "^5.0.0",
    "stripe": "^16.6.0"
  },
  "devDependencies": {
    "eslint": "^8.15.0",
    "eslint-config-google": "^0.14.0",
    "firebase-functions-test": "^3.1.0"
  },
  "private": true
}
[debug] [2024-08-08T11:52:01.658Z] Building nodejs source
[debug] [2024-08-08T11:52:01.658Z] Failed to find version of module node: reached end of search path C:\Users\jjerm\Desktop\amazon-clone\functions\node_modules
[warn] !  functions: Your requested "node" version "18" doesn't match your global version "22". Using node@22 from host. 
[debug] [2024-08-08T11:52:01.662Z] Could not find functions.yaml. Must use http discovery
[debug] [2024-08-08T11:52:01.675Z] Found firebase-functions binary at 'C:\Users\jjerm\Desktop\amazon-clone\functions\node_modules\.bin\firebase-functions'
[info] Serving at port 8140

[debug] [2024-08-08T11:52:03.713Z] Got response from /__/functions.yaml {"endpoints":{"api":{"platform":"gcfv1","availableMemoryMb":null,"timeoutSeconds":null,"minInstances":null,"maxInstances":null,"ingressSettings":null,"serviceAccountEmail":null,"vpc":null,"httpsTrigger":{},"entryPoint":"api"}},"specVersion":"v1alpha1","requiredAPIs":[]}
[info] +  functions: Loaded functions definitions from source: api. {"metadata":{"emulator":{"name":"functions"},"message":"Loaded functions definitions from source: api."}}
